# JRE version: OpenJDK Runtime Environment Corretto-11.0.17.8.1 (11.0.17+8) (build 11.0.17+8-LTS)
# Java VM: OpenJDK 64-Bit Server VM Corretto-11.0.17.8.1 (11.0.17+8-LTS, mixed mode, tiered, compressed oops, g1 gc, windows-amd64)
Heap:
 garbage-first heap   total 262144K, used 35255K [0x00000000e0000000, 0x0000000100000000)
  region size 1024K, 20 young (20480K), 6 survivors (6144K)
 Metaspace       used 39005K, capacity 39957K, committed 40240K, reserved 288768K
  class space    used 5028K, capacity 5403K, committed 5504K, reserved 253952K
GC Heap History (10 events):
Event: 0.656 GC heap before
{Heap before GC invocations=0 (full 0):
 garbage-first heap   total 262144K, used 26624K [0x00000000e0000000, 0x0000000100000000)
  region size 1024K, 24 young (24576K), 0 survivors (0K)
 Metaspace       used 10046K, capacity 10326K, committed 10624K, reserved 264192K
  class space    used 1020K, capacity 1104K, committed 1152K, reserved 253952K
}
Event: 0.659 GC heap after
{Heap after GC invocations=1 (full 0):
 garbage-first heap   total 262144K, used 9633K [0x00000000e0000000, 0x0000000100000000)
  region size 1024K, 3 young (3072K), 3 survivors (3072K)
 Metaspace       used 10046K, capacity 10326K, committed 10624K, reserved 264192K
  class space    used 1020K, capacity 1104K, committed 1152K, reserved 253952K
}
Event: 2.454 GC heap before
{Heap before GC invocations=1 (full 0):
 garbage-first heap   total 262144K, used 112033K [0x00000000e0000000, 0x0000000100000000)
  region size 1024K, 103 young (105472K), 3 survivors (3072K)
 Metaspace       used 20743K, capacity 21180K, committed 21296K, reserved 274432K
  class space    used 2518K, capacity 2682K, committed 2688K, reserved 253952K
}
Event: 2.461 GC heap after
{Heap after GC invocations=2 (full 0):
 garbage-first heap   total 262144K, used 17540K [0x00000000e0000000, 0x0000000100000000)
  region size 1024K, 11 young (11264K), 11 survivors (11264K)
 Metaspace       used 20743K, capacity 21180K, committed 21296K, reserved 274432K
  class space    used 2518K, capacity 2682K, committed 2688K, reserved 253952K
}
Event: 2.607 GC heap before
{Heap before GC invocations=3 (full 0):
 garbage-first heap   total 262144K, used 38020K [0x00000000e0000000, 0x0000000100000000)
  region size 1024K, 31 young (31744K), 11 survivors (11264K)
 Metaspace       used 22728K, capacity 23262K, committed 23472K, reserved 274432K
  class space    used 2859K, capacity 3063K, committed 3072K, reserved 253952K
}
Event: 2.611 GC heap after
{Heap after GC invocations=4 (full 0):
 garbage-first heap   total 262144K, used 18612K [0x00000000e0000000, 0x0000000100000000)
  region size 1024K, 2 young (2048K), 2 survivors (2048K)
 Metaspace       used 22728K, capacity 23262K, committed 23472K, reserved 274432K
  class space    used 2859K, capacity 3063K, committed 3072K, reserved 253952K
}
Event: 3.306 GC heap before
{Heap before GC invocations=4 (full 0):
 garbage-first heap   total 262144K, used 103604K [0x00000000e0000000, 0x0000000100000000)
  region size 1024K, 85 young (87040K), 2 survivors (2048K)
 Metaspace       used 31171K, capacity 31978K, committed 32048K, reserved 282624K
  class space    used 4163K, capacity 4465K, committed 4480K, reserved 253952K
}
Event: 3.309 GC heap after
{Heap after GC invocations=5 (full 0):
 garbage-first heap   total 262144K, used 21229K [0x00000000e0000000, 0x0000000100000000)
  region size 1024K, 4 young (4096K), 4 survivors (4096K)
 Metaspace       used 31171K, capacity 31978K, committed 32048K, reserved 282624K
  class space    used 4163K, capacity 4465K, committed 4480K, reserved 253952K
}
Event: 3.576 GC heap before
{Heap before GC invocations=5 (full 0):
 garbage-first heap   total 262144K, used 40685K [0x00000000e0000000, 0x0000000100000000)
  region size 1024K, 24 young (24576K), 4 survivors (4096K)
 Metaspace       used 34967K, capacity 35800K, committed 35888K, reserved 286720K
  class space    used 4606K, capacity 4931K, committed 4992K, reserved 253952K
}
Event: 3.582 GC heap after
{Heap after GC invocations=6 (full 0):
 garbage-first heap   total 262144K, used 22967K [0x00000000e0000000, 0x0000000100000000)
  region size 1024K, 6 young (6144K), 6 survivors (6144K)
 Metaspace       used 34967K, capacity 35800K, committed 35888K, reserved 286720K
  class space    used 4606K, capacity 4931K, committed 4992K, reserved 253952K
}

