# JRE version: OpenJDK Runtime Environment Corretto-11.0.17.8.1 (11.0.17+8) (build 11.0.17+8-LTS)
# Java VM: OpenJDK 64-Bit Server VM Corretto-11.0.17.8.1 (11.0.17+8-LTS, mixed mode, tiered, compressed oops, g1 gc, windows-amd64)
Heap:
 garbage-first heap   total 262144K, used 78848K [0x00000000e0000000, 0x0000000100000000)
  region size 1024K, 20 young (20480K), 8 survivors (8192K)
 Metaspace       used 75010K, capacity 77530K, committed 77672K, reserved 321536K
  class space    used 9745K, capacity 10682K, committed 10752K, reserved 253952K
GC Heap History (20 events):
Event: 0.598 GC heap before
{Heap before GC invocations=0 (full 0):
 garbage-first heap   total 262144K, used 26624K [0x00000000e0000000, 0x0000000100000000)
  region size 1024K, 24 young (24576K), 0 survivors (0K)
 Metaspace       used 10054K, capacity 10326K, committed 10624K, reserved 264192K
  class space    used 1020K, capacity 1104K, committed 1152K, reserved 253952K
}
Event: 0.602 GC heap after
{Heap after GC invocations=1 (full 0):
 garbage-first heap   total 262144K, used 9646K [0x00000000e0000000, 0x0000000100000000)
  region size 1024K, 3 young (3072K), 3 survivors (3072K)
 Metaspace       used 10054K, capacity 10326K, committed 10624K, reserved 264192K
  class space    used 1020K, capacity 1104K, committed 1152K, reserved 253952K
}
Event: 2.361 GC heap before
{Heap before GC invocations=1 (full 0):
 garbage-first heap   total 262144K, used 111022K [0x00000000e0000000, 0x0000000100000000)
  region size 1024K, 103 young (105472K), 3 survivors (3072K)
 Metaspace       used 20753K, capacity 21180K, committed 21296K, reserved 274432K
  class space    used 2513K, capacity 2682K, committed 2688K, reserved 253952K
}
Event: 2.368 GC heap after
{Heap after GC invocations=2 (full 0):
 garbage-first heap   total 262144K, used 17285K [0x00000000e0000000, 0x0000000100000000)
  region size 1024K, 11 young (11264K), 11 survivors (11264K)
 Metaspace       used 20753K, capacity 21180K, committed 21296K, reserved 274432K
  class space    used 2513K, capacity 2682K, committed 2688K, reserved 253952K
}
Event: 2.565 GC heap before
{Heap before GC invocations=3 (full 0):
 garbage-first heap   total 262144K, used 46981K [0x00000000e0000000, 0x0000000100000000)
  region size 1024K, 40 young (40960K), 11 survivors (11264K)
 Metaspace       used 23740K, capacity 24314K, committed 24368K, reserved 276480K
  class space    used 2994K, capacity 3177K, committed 3200K, reserved 253952K
}
Event: 2.570 GC heap after
{Heap after GC invocations=4 (full 0):
 garbage-first heap   total 262144K, used 18826K [0x00000000e0000000, 0x0000000100000000)
  region size 1024K, 2 young (2048K), 2 survivors (2048K)
 Metaspace       used 23740K, capacity 24314K, committed 24368K, reserved 276480K
  class space    used 2994K, capacity 3177K, committed 3200K, reserved 253952K
}
Event: 3.417 GC heap before
{Heap before GC invocations=4 (full 0):
 garbage-first heap   total 262144K, used 115082K [0x00000000e0000000, 0x0000000100000000)
  region size 1024K, 97 young (99328K), 2 survivors (2048K)
 Metaspace       used 34968K, capacity 35800K, committed 35888K, reserved 286720K
  class space    used 4606K, capacity 4931K, committed 4992K, reserved 253952K
}
Event: 3.424 GC heap after
{Heap after GC invocations=5 (full 0):
 garbage-first heap   total 262144K, used 22522K [0x00000000e0000000, 0x0000000100000000)
  region size 1024K, 6 young (6144K), 6 survivors (6144K)
 Metaspace       used 34968K, capacity 35800K, committed 35888K, reserved 286720K
  class space    used 4606K, capacity 4931K, committed 4992K, reserved 253952K
}
Event: 4.124 GC heap before
{Heap before GC invocations=6 (full 0):
 garbage-first heap   total 262144K, used 140282K [0x00000000e0000000, 0x0000000100000000)
  region size 1024K, 119 young (121856K), 6 survivors (6144K)
 Metaspace       used 43817K, capacity 44859K, committed 44976K, reserved 292864K
  class space    used 5622K, capacity 6032K, committed 6144K, reserved 253952K
}
Event: 4.144 GC heap after
{Heap after GC invocations=7 (full 0):
 garbage-first heap   total 262144K, used 30950K [0x00000000e0000000, 0x0000000100000000)
  region size 1024K, 14 young (14336K), 14 survivors (14336K)
 Metaspace       used 43817K, capacity 44859K, committed 44976K, reserved 292864K
  class space    used 5622K, capacity 6032K, committed 6144K, reserved 253952K
}
Event: 4.441 GC heap before
{Heap before GC invocations=8 (full 0):
 garbage-first heap   total 262144K, used 173286K [0x00000000e0000000, 0x0000000100000000)
  region size 1024K, 153 young (156672K), 14 survivors (14336K)
 Metaspace       used 43978K, capacity 44987K, committed 45232K, reserved 294912K
  class space    used 5627K, capacity 6032K, committed 6144K, reserved 253952K
}
Event: 4.451 GC heap after
{Heap after GC invocations=9 (full 0):
 garbage-first heap   total 262144K, used 38864K [0x00000000e0000000, 0x0000000100000000)
  region size 1024K, 17 young (17408K), 17 survivors (17408K)
 Metaspace       used 43978K, capacity 44987K, committed 45232K, reserved 294912K
  class space    used 5627K, capacity 6032K, committed 6144K, reserved 253952K
}
Event: 5.170 GC heap before
{Heap before GC invocations=9 (full 0):
 garbage-first heap   total 262144K, used 179152K [0x00000000e0000000, 0x0000000100000000)
  region size 1024K, 153 young (156672K), 17 survivors (17408K)
 Metaspace       used 49648K, capacity 50904K, committed 51120K, reserved 299008K
  class space    used 6324K, capacity 6810K, committed 6912K, reserved 253952K
}
Event: 5.180 GC heap after
{Heap after GC invocations=10 (full 0):
 garbage-first heap   total 262144K, used 45574K [0x00000000e0000000, 0x0000000100000000)
  region size 1024K, 15 young (15360K), 15 survivors (15360K)
 Metaspace       used 49648K, capacity 50904K, committed 51120K, reserved 299008K
  class space    used 6324K, capacity 6810K, committed 6912K, reserved 253952K
}
Event: 6.680 GC heap before
{Heap before GC invocations=10 (full 0):
 garbage-first heap   total 262144K, used 186886K [0x00000000e0000000, 0x0000000100000000)
  region size 1024K, 153 young (156672K), 15 survivors (15360K)
 Metaspace       used 60170K, capacity 61903K, committed 62128K, reserved 309248K
  class space    used 7739K, capacity 8381K, committed 8448K, reserved 253952K
}
Event: 6.688 GC heap after
{Heap after GC invocations=11 (full 0):
 garbage-first heap   total 262144K, used 50305K [0x00000000e0000000, 0x0000000100000000)
  region size 1024K, 13 young (13312K), 13 survivors (13312K)
 Metaspace       used 60170K, capacity 61903K, committed 62128K, reserved 309248K
  class space    used 7739K, capacity 8381K, committed 8448K, reserved 253952K
}
Event: 7.768 GC heap before
{Heap before GC invocations=11 (full 0):
 garbage-first heap   total 262144K, used 192641K [0x00000000e0000000, 0x0000000100000000)
  region size 1024K, 153 young (156672K), 13 survivors (13312K)
 Metaspace       used 67039K, capacity 69219K, committed 69424K, reserved 315392K
  class space    used 8720K, capacity 9509K, committed 9600K, reserved 253952K
}
Event: 7.777 GC heap after
{Heap after GC invocations=12 (full 0):
 garbage-first heap   total 262144K, used 60052K [0x00000000e0000000, 0x0000000100000000)
  region size 1024K, 16 young (16384K), 16 survivors (16384K)
 Metaspace       used 67039K, capacity 69219K, committed 69424K, reserved 315392K
  class space    used 8720K, capacity 9509K, committed 9600K, reserved 253952K
}
Event: 8.442 GC heap before
{Heap before GC invocations=12 (full 0):
 garbage-first heap   total 262144K, used 146068K [0x00000000e0000000, 0x0000000100000000)
  region size 1024K, 101 young (103424K), 16 survivors (16384K)
 Metaspace       used 72414K, capacity 74771K, committed 74928K, reserved 319488K
  class space    used 9452K, capacity 10379K, committed 10496K, reserved 253952K
}
Event: 8.463 GC heap after
{Heap after GC invocations=13 (full 0):
 garbage-first heap   total 262144K, used 67584K [0x00000000e0000000, 0x0000000100000000)
  region size 1024K, 8 young (8192K), 8 survivors (8192K)
 Metaspace       used 72414K, capacity 74771K, committed 74928K, reserved 319488K
  class space    used 9452K, capacity 10379K, committed 10496K, reserved 253952K
}

